[2026-06-24T09:56:28.191+0000] {local_task_job_runner.py:120} INFO - ::group::Pre task execution logs
[2026-06-24T09:56:28.261+0000] {taskinstance.py:2076} INFO - Dependencies all met for dep_context=non-requeueable deps ti=<TaskInstance: gdip_ml_inference.forecast_macro_5y manual__2026-06-24T09:56:23.467275+00:00 [queued]>
[2026-06-24T09:56:28.278+0000] {taskinstance.py:2076} INFO - Dependencies all met for dep_context=requeueable deps ti=<TaskInstance: gdip_ml_inference.forecast_macro_5y manual__2026-06-24T09:56:23.467275+00:00 [queued]>
[2026-06-24T09:56:28.279+0000] {taskinstance.py:2306} INFO - Starting attempt 1 of 2
[2026-06-24T09:56:28.319+0000] {taskinstance.py:2330} INFO - Executing <Task(PythonOperator): forecast_macro_5y> on 2026-06-24 09:56:23.467275+00:00
[2026-06-24T09:56:28.344+0000] {standard_task_runner.py:63} INFO - Started process 679 to run task
[2026-06-24T09:56:28.351+0000] {standard_task_runner.py:90} INFO - Running: ['***', 'tasks', 'run', 'gdip_ml_inference', 'forecast_macro_5y', 'manual__2026-06-24T09:56:23.467275+00:00', '--job-id', '21', '--raw', '--subdir', 'DAGS_FOLDER/ml_inference_dag.py', '--cfg-path', '/tmp/tmp8u6el5az']
[2026-06-24T09:56:28.357+0000] {standard_task_runner.py:91} INFO - Job 21: Subtask forecast_macro_5y
[2026-06-24T09:56:28.480+0000] {task_command.py:426} INFO - Running <TaskInstance: gdip_ml_inference.forecast_macro_5y manual__2026-06-24T09:56:23.467275+00:00 [running]> on host fcd616dc1457
[2026-06-24T09:56:28.699+0000] {taskinstance.py:2648} INFO - Exporting env vars: AIRFLOW_CTX_DAG_OWNER='gdip_admin' AIRFLOW_CTX_DAG_ID='gdip_ml_inference' AIRFLOW_CTX_TASK_ID='forecast_macro_5y' AIRFLOW_CTX_EXECUTION_DATE='2026-06-24T09:56:23.467275+00:00' AIRFLOW_CTX_TRY_NUMBER='1' AIRFLOW_CTX_DAG_RUN_ID='manual__2026-06-24T09:56:23.467275+00:00'
[2026-06-24T09:56:28.701+0000] {taskinstance.py:430} INFO - ::endgroup::
[2026-06-24T09:56:28.767+0000] {logging_mixin.py:188} INFO - === BẮT ĐẦU DỰ BÁO CHUỖI THỜI GIAN VĨ MÔ (5 NĂM TỚI) ===
[2026-06-24T09:56:28.896+0000] {logging_mixin.py:188} INFO - -> Dữ liệu lịch sử kết thúc tại năm 2025. Tiến hành dự báo 5 năm tiếp theo: [2026, 2027, 2028, 2029, 2030]
[2026-06-24T09:56:28.916+0000] {logging_mixin.py:188} INFO - -> Tìm thấy 215 quốc gia thực tế cần chạy mô hình dự báo.
[2026-06-24T09:56:53.355+0000] {logging_mixin.py:188} INFO - -> Chạy Holt-Winters hoàn tất. Thành công: 645 models | Lỗi/Dùng fallback: 0 models
[2026-06-24T09:56:53.426+0000] {logging_mixin.py:188} INFO - ✅ Đã lưu kết quả dự báo vĩ mô 5 năm toàn cầu tại: /opt/***/dags/data/gold/global_forecast_2025_2029.csv
[2026-06-24T09:56:53.427+0000] {logging_mixin.py:188} INFO - === HOÀN THÀNH FORECAST LAYER (Shape: (3225, 5)) ===
[2026-06-24T09:56:53.432+0000] {python.py:237} INFO - Done. Returned value was: None
[2026-06-24T09:56:53.435+0000] {taskinstance.py:441} INFO - ::group::Post task execution logs
[2026-06-24T09:56:53.468+0000] {taskinstance.py:1206} INFO - Marking task as SUCCESS. dag_id=gdip_ml_inference, task_id=forecast_macro_5y, run_id=manual__2026-06-24T09:56:23.467275+00:00, execution_date=20260624T095623, start_date=20260624T095628, end_date=20260624T095653
[2026-06-24T09:56:53.544+0000] {local_task_job_runner.py:240} INFO - Task exited with return code 0
[2026-06-24T09:56:53.598+0000] {taskinstance.py:3498} INFO - 0 downstream tasks scheduled from follow-on schedule check
[2026-06-24T09:56:53.601+0000] {local_task_job_runner.py:222} INFO - ::endgroup::
