[2026-06-24T09:38:34.929+0000] {local_task_job_runner.py:120} INFO - ::group::Pre task execution logs
[2026-06-24T09:38:34.982+0000] {taskinstance.py:2076} INFO - Dependencies all met for dep_context=non-requeueable deps ti=<TaskInstance: gdip_data_pipeline.clean_silver_layer manual__2026-06-24T09:38:30.197525+00:00 [queued]>
[2026-06-24T09:38:34.998+0000] {taskinstance.py:2076} INFO - Dependencies all met for dep_context=requeueable deps ti=<TaskInstance: gdip_data_pipeline.clean_silver_layer manual__2026-06-24T09:38:30.197525+00:00 [queued]>
[2026-06-24T09:38:34.999+0000] {taskinstance.py:2306} INFO - Starting attempt 1 of 2
[2026-06-24T09:38:35.022+0000] {taskinstance.py:2330} INFO - Executing <Task(PythonOperator): clean_silver_layer> on 2026-06-24 09:38:30.197525+00:00
[2026-06-24T09:38:35.048+0000] {standard_task_runner.py:90} INFO - Running: ['***', 'tasks', 'run', 'gdip_data_pipeline', 'clean_silver_layer', 'manual__2026-06-24T09:38:30.197525+00:00', '--job-id', '7', '--raw', '--subdir', 'DAGS_FOLDER/data_pipeline_dag.py', '--cfg-path', '/tmp/tmpjvun63iy']
[2026-06-24T09:38:35.055+0000] {standard_task_runner.py:91} INFO - Job 7: Subtask clean_silver_layer
[2026-06-24T09:38:35.056+0000] {logging_mixin.py:188} WARNING - /home/***/.local/lib/python3.12/site-packages/***/task/task_runner/standard_task_runner.py:61 DeprecationWarning: This process (pid=21758) is multi-threaded, use of fork() may lead to deadlocks in the child.
[2026-06-24T09:38:35.057+0000] {standard_task_runner.py:63} INFO - Started process 21796 to run task
[2026-06-24T09:38:35.160+0000] {task_command.py:426} INFO - Running <TaskInstance: gdip_data_pipeline.clean_silver_layer manual__2026-06-24T09:38:30.197525+00:00 [running]> on host 6a3f3f1c9127
[2026-06-24T09:38:35.348+0000] {taskinstance.py:2648} INFO - Exporting env vars: AIRFLOW_CTX_DAG_OWNER='gdip_admin' AIRFLOW_CTX_DAG_ID='gdip_data_pipeline' AIRFLOW_CTX_TASK_ID='clean_silver_layer' AIRFLOW_CTX_EXECUTION_DATE='2026-06-24T09:38:30.197525+00:00' AIRFLOW_CTX_TRY_NUMBER='1' AIRFLOW_CTX_DAG_RUN_ID='manual__2026-06-24T09:38:30.197525+00:00'
[2026-06-24T09:38:35.350+0000] {taskinstance.py:430} INFO - ::endgroup::
[2026-06-24T09:38:35.375+0000] {logging_mixin.py:188} INFO - === BẮT ĐẦU CLEAN & IMPUTE (SILVER LAYER) ===
[2026-06-24T09:38:35.459+0000] {logging_mixin.py:188} INFO - -> Số dòng ban đầu: 14792
[2026-06-24T09:38:35.468+0000] {logging_mixin.py:188} INFO - -> Giữ lại 215 quốc gia thực tế.
[2026-06-24T09:38:35.604+0000] {logging_mixin.py:188} INFO - -> Phát hiện Imputer đã tồn tại. Đang load: /opt/***/dags/transform/knn_imputer.pkl
[2026-06-24T09:38:47.783+0000] {logging_mixin.py:188} INFO - -> Kiểm tra dữ liệu sau xử lý: còn 0 dòng trống.
[2026-06-24T09:38:48.044+0000] {logging_mixin.py:188} INFO -  Đã lưu dữ liệu Silver sạch tại: /opt/***/dags/data/silver/wb_macro_clean.csv
[2026-06-24T09:38:48.045+0000] {logging_mixin.py:188} INFO - === HOÀN THÀNH SILVER LAYER (Shape: (11988, 11)) ===
[2026-06-24T09:38:48.046+0000] {python.py:237} INFO - Done. Returned value was: None
[2026-06-24T09:38:48.048+0000] {taskinstance.py:441} INFO - ::group::Post task execution logs
[2026-06-24T09:38:48.067+0000] {taskinstance.py:1206} INFO - Marking task as SUCCESS. dag_id=gdip_data_pipeline, task_id=clean_silver_layer, run_id=manual__2026-06-24T09:38:30.197525+00:00, execution_date=20260624T093830, start_date=20260624T093834, end_date=20260624T093848
[2026-06-24T09:38:48.147+0000] {local_task_job_runner.py:240} INFO - Task exited with return code 0
[2026-06-24T09:38:48.198+0000] {taskinstance.py:3498} INFO - 1 downstream tasks scheduled from follow-on schedule check
[2026-06-24T09:38:48.202+0000] {local_task_job_runner.py:222} INFO - ::endgroup::
