[2026-06-24T07:32:13.094+0000] {processor.py:161} INFO - Started process (PID=175) to work on /opt/airflow/dags/data_pipeline_dag.py
[2026-06-24T07:32:13.097+0000] {processor.py:830} INFO - Processing file /opt/airflow/dags/data_pipeline_dag.py for tasks to queue
[2026-06-24T07:32:13.101+0000] {logging_mixin.py:188} INFO - [2026-06-24T07:32:13.100+0000] {dagbag.py:545} INFO - Filling up the DagBag from /opt/airflow/dags/data_pipeline_dag.py
[2026-06-24T07:32:17.126+0000] {processor.py:840} INFO - DAG(s) 'gdip_data_pipeline' retrieved from /opt/airflow/dags/data_pipeline_dag.py
[2026-06-24T07:32:17.592+0000] {logging_mixin.py:188} INFO - [2026-06-24T07:32:17.591+0000] {override.py:1829} INFO - Created Permission View: can delete on DAG:gdip_data_pipeline
[2026-06-24T07:32:17.613+0000] {logging_mixin.py:188} INFO - [2026-06-24T07:32:17.613+0000] {override.py:1829} INFO - Created Permission View: can read on DAG:gdip_data_pipeline
[2026-06-24T07:32:17.625+0000] {logging_mixin.py:188} INFO - [2026-06-24T07:32:17.625+0000] {override.py:1829} INFO - Created Permission View: can edit on DAG:gdip_data_pipeline
[2026-06-24T07:32:17.627+0000] {logging_mixin.py:188} INFO - [2026-06-24T07:32:17.626+0000] {dag.py:3096} INFO - Sync 1 DAGs
[2026-06-24T07:32:17.646+0000] {logging_mixin.py:188} INFO - [2026-06-24T07:32:17.645+0000] {dag.py:3118} INFO - Creating ORM DAG for gdip_data_pipeline
[2026-06-24T07:32:17.647+0000] {logging_mixin.py:188} INFO - [2026-06-24T07:32:17.647+0000] {dag.py:3954} INFO - Setting next_dagrun for gdip_data_pipeline to None, run_after=None
[2026-06-24T07:32:17.686+0000] {processor.py:183} INFO - Processing /opt/airflow/dags/data_pipeline_dag.py took 4.605 seconds
[2026-06-24T07:32:47.977+0000] {processor.py:161} INFO - Started process (PID=269) to work on /opt/airflow/dags/data_pipeline_dag.py
[2026-06-24T07:32:47.979+0000] {processor.py:830} INFO - Processing file /opt/airflow/dags/data_pipeline_dag.py for tasks to queue
[2026-06-24T07:32:47.983+0000] {logging_mixin.py:188} INFO - [2026-06-24T07:32:47.982+0000] {dagbag.py:545} INFO - Filling up the DagBag from /opt/airflow/dags/data_pipeline_dag.py
[2026-06-24T07:32:52.082+0000] {processor.py:840} INFO - DAG(s) 'gdip_data_pipeline' retrieved from /opt/airflow/dags/data_pipeline_dag.py
[2026-06-24T07:32:52.162+0000] {logging_mixin.py:188} INFO - [2026-06-24T07:32:52.162+0000] {dag.py:3096} INFO - Sync 1 DAGs
[2026-06-24T07:32:52.200+0000] {logging_mixin.py:188} INFO - [2026-06-24T07:32:52.200+0000] {dag.py:3954} INFO - Setting next_dagrun for gdip_data_pipeline to None, run_after=None
[2026-06-24T07:32:52.249+0000] {processor.py:183} INFO - Processing /opt/airflow/dags/data_pipeline_dag.py took 4.284 seconds
[2026-06-24T07:33:22.414+0000] {processor.py:161} INFO - Started process (PID=360) to work on /opt/airflow/dags/data_pipeline_dag.py
[2026-06-24T07:33:22.417+0000] {processor.py:830} INFO - Processing file /opt/airflow/dags/data_pipeline_dag.py for tasks to queue
[2026-06-24T07:33:22.421+0000] {logging_mixin.py:188} INFO - [2026-06-24T07:33:22.420+0000] {dagbag.py:545} INFO - Filling up the DagBag from /opt/airflow/dags/data_pipeline_dag.py
[2026-06-24T07:33:25.481+0000] {processor.py:840} INFO - DAG(s) 'gdip_data_pipeline' retrieved from /opt/airflow/dags/data_pipeline_dag.py
[2026-06-24T07:33:25.522+0000] {logging_mixin.py:188} INFO - [2026-06-24T07:33:25.522+0000] {dag.py:3096} INFO - Sync 1 DAGs
[2026-06-24T07:33:25.545+0000] {logging_mixin.py:188} INFO - [2026-06-24T07:33:25.544+0000] {dag.py:3954} INFO - Setting next_dagrun for gdip_data_pipeline to None, run_after=None
[2026-06-24T07:33:25.581+0000] {processor.py:183} INFO - Processing /opt/airflow/dags/data_pipeline_dag.py took 3.181 seconds
