[2026-06-24T09:59:54.769+0000] {local_task_job_runner.py:120} INFO - ::group::Pre task execution logs
[2026-06-24T09:59:54.850+0000] {taskinstance.py:2076} INFO - Dependencies all met for dep_context=non-requeueable deps ti=<TaskInstance: gdip_data_pipeline.feature_engineering_gold_layer manual__2026-06-24T09:58:30.280168+00:00 [queued]>
[2026-06-24T09:59:54.871+0000] {taskinstance.py:2076} INFO - Dependencies all met for dep_context=requeueable deps ti=<TaskInstance: gdip_data_pipeline.feature_engineering_gold_layer manual__2026-06-24T09:58:30.280168+00:00 [queued]>
[2026-06-24T09:59:54.873+0000] {taskinstance.py:2306} INFO - Starting attempt 1 of 2
[2026-06-24T09:59:54.903+0000] {taskinstance.py:2330} INFO - Executing <Task(PythonOperator): feature_engineering_gold_layer> on 2026-06-24 09:58:30.280168+00:00
[2026-06-24T09:59:54.945+0000] {standard_task_runner.py:90} INFO - Running: ['***', 'tasks', 'run', 'gdip_data_pipeline', 'feature_engineering_gold_layer', 'manual__2026-06-24T09:58:30.280168+00:00', '--job-id', '26', '--raw', '--subdir', 'DAGS_FOLDER/data_pipeline_dag.py', '--cfg-path', '/tmp/tmpwuaken39']
[2026-06-24T09:59:54.952+0000] {standard_task_runner.py:91} INFO - Job 26: Subtask feature_engineering_gold_layer
[2026-06-24T09:59:54.956+0000] {logging_mixin.py:188} WARNING - /home/***/.local/lib/python3.12/site-packages/***/task/task_runner/standard_task_runner.py:61 DeprecationWarning: This process (pid=1347) is multi-threaded, use of fork() may lead to deadlocks in the child.
[2026-06-24T09:59:54.959+0000] {standard_task_runner.py:63} INFO - Started process 1410 to run task
[2026-06-24T09:59:55.074+0000] {task_command.py:426} INFO - Running <TaskInstance: gdip_data_pipeline.feature_engineering_gold_layer manual__2026-06-24T09:58:30.280168+00:00 [running]> on host fcd616dc1457
[2026-06-24T09:59:55.483+0000] {taskinstance.py:2648} INFO - Exporting env vars: AIRFLOW_CTX_DAG_OWNER='gdip_admin' AIRFLOW_CTX_DAG_ID='gdip_data_pipeline' AIRFLOW_CTX_TASK_ID='feature_engineering_gold_layer' AIRFLOW_CTX_EXECUTION_DATE='2026-06-24T09:58:30.280168+00:00' AIRFLOW_CTX_TRY_NUMBER='1' AIRFLOW_CTX_DAG_RUN_ID='manual__2026-06-24T09:58:30.280168+00:00'
[2026-06-24T09:59:55.486+0000] {taskinstance.py:430} INFO - ::endgroup::
[2026-06-24T09:59:55.521+0000] {logging_mixin.py:188} INFO - === BẮT ĐẦU TẠO FEATURES (GOLD LAYER) ===
[2026-06-24T09:59:55.651+0000] {logging_mixin.py:188} INFO - -> Các cột gốc để tạo lag: ['current_account', 'external_debt', 'fdi_inflow', 'gdp_growth', 'inflation', 'real_interest_rate', 'trade_balance', 'unemployment']
[2026-06-24T09:59:55.652+0000] {logging_mixin.py:188} INFO - -> Đang tạo Lag & Momentum Features...
[2026-06-24T09:59:55.717+0000] {logging_mixin.py:188} INFO - -> Đang tạo Volatility & Trend Features...
[2026-06-24T09:59:57.066+0000] {logging_mixin.py:188} INFO - -> Đang tạo Composite Indices...
[2026-06-24T09:59:57.069+0000] {logging_mixin.py:188} INFO - -> Đang tạo Cross-country Z-Scores theo năm...
[2026-06-24T09:59:57.192+0000] {logging_mixin.py:188} INFO - -> Đang tạo Clipped Features cho Lạm phát và FDI...
[2026-06-24T09:59:57.261+0000] {logging_mixin.py:188} INFO - -> Đã loại bỏ các dòng bị NaN ở đầu chuỗi thời gian. Số dòng giảm: 430 dòng.
[2026-06-24T09:59:59.535+0000] {logging_mixin.py:188} INFO - Đã lưu Gold Feature Store thành công tại: /opt/***/dags/data/gold/feature_store.csv
[2026-06-24T09:59:59.537+0000] {logging_mixin.py:188} INFO - === HOÀN THÀNH GOLD LAYER (Shape: (11558, 49)) ===
[2026-06-24T09:59:59.548+0000] {python.py:237} INFO - Done. Returned value was: None
[2026-06-24T09:59:59.550+0000] {taskinstance.py:441} INFO - ::group::Post task execution logs
[2026-06-24T09:59:59.571+0000] {taskinstance.py:1206} INFO - Marking task as SUCCESS. dag_id=gdip_data_pipeline, task_id=feature_engineering_gold_layer, run_id=manual__2026-06-24T09:58:30.280168+00:00, execution_date=20260624T095830, start_date=20260624T095954, end_date=20260624T095959
[2026-06-24T09:59:59.694+0000] {local_task_job_runner.py:240} INFO - Task exited with return code 0
[2026-06-24T09:59:59.752+0000] {taskinstance.py:3498} INFO - 0 downstream tasks scheduled from follow-on schedule check
[2026-06-24T09:59:59.757+0000] {local_task_job_runner.py:222} INFO - ::endgroup::
