[2026-06-24T09:38:52.390+0000] {local_task_job_runner.py:120} INFO - ::group::Pre task execution logs
[2026-06-24T09:38:52.448+0000] {taskinstance.py:2076} INFO - Dependencies all met for dep_context=non-requeueable deps ti=<TaskInstance: gdip_data_pipeline.feature_engineering_gold_layer manual__2026-06-24T09:38:30.197525+00:00 [queued]>
[2026-06-24T09:38:52.464+0000] {taskinstance.py:2076} INFO - Dependencies all met for dep_context=requeueable deps ti=<TaskInstance: gdip_data_pipeline.feature_engineering_gold_layer manual__2026-06-24T09:38:30.197525+00:00 [queued]>
[2026-06-24T09:38:52.465+0000] {taskinstance.py:2306} INFO - Starting attempt 1 of 2
[2026-06-24T09:38:52.487+0000] {taskinstance.py:2330} INFO - Executing <Task(PythonOperator): feature_engineering_gold_layer> on 2026-06-24 09:38:30.197525+00:00
[2026-06-24T09:38:52.514+0000] {standard_task_runner.py:90} INFO - Running: ['***', 'tasks', 'run', 'gdip_data_pipeline', 'feature_engineering_gold_layer', 'manual__2026-06-24T09:38:30.197525+00:00', '--job-id', '8', '--raw', '--subdir', 'DAGS_FOLDER/data_pipeline_dag.py', '--cfg-path', '/tmp/tmp1t5c9251']
[2026-06-24T09:38:52.522+0000] {standard_task_runner.py:91} INFO - Job 8: Subtask feature_engineering_gold_layer
[2026-06-24T09:38:52.522+0000] {logging_mixin.py:188} WARNING - /home/***/.local/lib/python3.12/site-packages/***/task/task_runner/standard_task_runner.py:61 DeprecationWarning: This process (pid=21814) is multi-threaded, use of fork() may lead to deadlocks in the child.
[2026-06-24T09:38:52.524+0000] {standard_task_runner.py:63} INFO - Started process 21858 to run task
[2026-06-24T09:38:52.636+0000] {task_command.py:426} INFO - Running <TaskInstance: gdip_data_pipeline.feature_engineering_gold_layer manual__2026-06-24T09:38:30.197525+00:00 [running]> on host 6a3f3f1c9127
[2026-06-24T09:38:52.811+0000] {taskinstance.py:2648} INFO - Exporting env vars: AIRFLOW_CTX_DAG_OWNER='gdip_admin' AIRFLOW_CTX_DAG_ID='gdip_data_pipeline' AIRFLOW_CTX_TASK_ID='feature_engineering_gold_layer' AIRFLOW_CTX_EXECUTION_DATE='2026-06-24T09:38:30.197525+00:00' AIRFLOW_CTX_TRY_NUMBER='1' AIRFLOW_CTX_DAG_RUN_ID='manual__2026-06-24T09:38:30.197525+00:00'
[2026-06-24T09:38:52.813+0000] {taskinstance.py:430} INFO - ::endgroup::
[2026-06-24T09:38:52.837+0000] {logging_mixin.py:188} INFO - === BẮT ĐẦU TẠO FEATURES (GOLD LAYER) ===
[2026-06-24T09:38:52.932+0000] {logging_mixin.py:188} INFO - -> Các cột gốc để tạo lag: ['current_account', 'external_debt', 'fdi_inflow', 'gdp_growth', 'inflation', 'real_interest_rate', 'trade_balance', 'unemployment']
[2026-06-24T09:38:52.933+0000] {logging_mixin.py:188} INFO - -> Đang tạo Lag & Momentum Features...
[2026-06-24T09:38:52.971+0000] {logging_mixin.py:188} INFO - -> Đang tạo Volatility & Trend Features...
[2026-06-24T09:38:53.863+0000] {logging_mixin.py:188} INFO - -> Đang tạo Composite Indices...
[2026-06-24T09:38:53.866+0000] {logging_mixin.py:188} INFO - -> Đang tạo Cross-country Z-Scores theo năm...
[2026-06-24T09:38:53.948+0000] {logging_mixin.py:188} INFO - -> Đang tạo Clipped Features cho Lạm phát và FDI...
[2026-06-24T09:38:53.990+0000] {logging_mixin.py:188} INFO - -> Đã loại bỏ các dòng bị NaN ở đầu chuỗi thời gian. Số dòng giảm: 430 dòng.
[2026-06-24T09:38:55.489+0000] {logging_mixin.py:188} INFO - Đã lưu Gold Feature Store thành công tại: /opt/***/dags/data/gold/feature_store.csv
[2026-06-24T09:38:55.490+0000] {logging_mixin.py:188} INFO - === HOÀN THÀNH GOLD LAYER (Shape: (11558, 49)) ===
[2026-06-24T09:38:55.500+0000] {python.py:237} INFO - Done. Returned value was: None
[2026-06-24T09:38:55.501+0000] {taskinstance.py:441} INFO - ::group::Post task execution logs
[2026-06-24T09:38:55.518+0000] {taskinstance.py:1206} INFO - Marking task as SUCCESS. dag_id=gdip_data_pipeline, task_id=feature_engineering_gold_layer, run_id=manual__2026-06-24T09:38:30.197525+00:00, execution_date=20260624T093830, start_date=20260624T093852, end_date=20260624T093855
[2026-06-24T09:38:55.596+0000] {local_task_job_runner.py:240} INFO - Task exited with return code 0
[2026-06-24T09:38:55.637+0000] {taskinstance.py:3498} INFO - 1 downstream tasks scheduled from follow-on schedule check
[2026-06-24T09:38:55.640+0000] {local_task_job_runner.py:222} INFO - ::endgroup::
