[2026-06-24T10:01:48.735+0000] {local_task_job_runner.py:120} INFO - ::group::Pre task execution logs
[2026-06-24T10:01:48.801+0000] {taskinstance.py:2076} INFO - Dependencies all met for dep_context=non-requeueable deps ti=<TaskInstance: gdip_ml_inference.forecast_macro_5y manual__2026-06-24T10:01:43.000845+00:00 [queued]>
[2026-06-24T10:01:48.819+0000] {taskinstance.py:2076} INFO - Dependencies all met for dep_context=requeueable deps ti=<TaskInstance: gdip_ml_inference.forecast_macro_5y manual__2026-06-24T10:01:43.000845+00:00 [queued]>
[2026-06-24T10:01:48.821+0000] {taskinstance.py:2306} INFO - Starting attempt 1 of 2
[2026-06-24T10:01:48.854+0000] {taskinstance.py:2330} INFO - Executing <Task(PythonOperator): forecast_macro_5y> on 2026-06-24 10:01:43.000845+00:00
[2026-06-24T10:01:48.884+0000] {standard_task_runner.py:63} INFO - Started process 2062 to run task
[2026-06-24T10:01:48.891+0000] {standard_task_runner.py:90} INFO - Running: ['***', 'tasks', 'run', 'gdip_ml_inference', 'forecast_macro_5y', 'manual__2026-06-24T10:01:43.000845+00:00', '--job-id', '39', '--raw', '--subdir', 'DAGS_FOLDER/ml_inference_dag.py', '--cfg-path', '/tmp/tmp8gt90rw0']
[2026-06-24T10:01:48.897+0000] {standard_task_runner.py:91} INFO - Job 39: Subtask forecast_macro_5y
[2026-06-24T10:01:49.038+0000] {task_command.py:426} INFO - Running <TaskInstance: gdip_ml_inference.forecast_macro_5y manual__2026-06-24T10:01:43.000845+00:00 [running]> on host fcd616dc1457
[2026-06-24T10:01:49.289+0000] {taskinstance.py:2648} INFO - Exporting env vars: AIRFLOW_CTX_DAG_OWNER='gdip_admin' AIRFLOW_CTX_DAG_ID='gdip_ml_inference' AIRFLOW_CTX_TASK_ID='forecast_macro_5y' AIRFLOW_CTX_EXECUTION_DATE='2026-06-24T10:01:43.000845+00:00' AIRFLOW_CTX_TRY_NUMBER='1' AIRFLOW_CTX_DAG_RUN_ID='manual__2026-06-24T10:01:43.000845+00:00'
[2026-06-24T10:01:49.292+0000] {taskinstance.py:430} INFO - ::endgroup::
[2026-06-24T10:01:49.323+0000] {logging_mixin.py:188} INFO - === BẮT ĐẦU DỰ BÁO CHUỖI THỜI GIAN VĨ MÔ (5 NĂM TỚI) ===
[2026-06-24T10:01:49.435+0000] {logging_mixin.py:188} INFO - -> Dữ liệu lịch sử kết thúc tại năm 2025. Tiến hành dự báo 5 năm tiếp theo: [2026, 2027, 2028, 2029, 2030]
[2026-06-24T10:01:49.447+0000] {logging_mixin.py:188} INFO - -> Tìm thấy 215 quốc gia thực tế cần chạy mô hình dự báo.
[2026-06-24T10:02:13.143+0000] {logging_mixin.py:188} INFO - -> Chạy Holt-Winters hoàn tất. Thành công: 645 models | Lỗi/Dùng fallback: 0 models
[2026-06-24T10:02:13.216+0000] {logging_mixin.py:188} INFO - ✅ Đã lưu kết quả dự báo vĩ mô 5 năm toàn cầu tại: /opt/***/dags/data/gold/global_forecast_2025_2029.csv
[2026-06-24T10:02:13.218+0000] {logging_mixin.py:188} INFO - === HOÀN THÀNH FORECAST LAYER (Shape: (3225, 5)) ===
[2026-06-24T10:02:13.220+0000] {python.py:237} INFO - Done. Returned value was: None
[2026-06-24T10:02:13.222+0000] {taskinstance.py:441} INFO - ::group::Post task execution logs
[2026-06-24T10:02:13.247+0000] {taskinstance.py:1206} INFO - Marking task as SUCCESS. dag_id=gdip_ml_inference, task_id=forecast_macro_5y, run_id=manual__2026-06-24T10:01:43.000845+00:00, execution_date=20260624T100143, start_date=20260624T100148, end_date=20260624T100213
[2026-06-24T10:02:13.380+0000] {local_task_job_runner.py:240} INFO - Task exited with return code 0
[2026-06-24T10:02:13.418+0000] {taskinstance.py:3498} INFO - 0 downstream tasks scheduled from follow-on schedule check
[2026-06-24T10:02:13.422+0000] {local_task_job_runner.py:222} INFO - ::endgroup::
