[2026-06-24T09:39:03.241+0000] {local_task_job_runner.py:120} INFO - ::group::Pre task execution logs
[2026-06-24T09:39:03.294+0000] {taskinstance.py:2076} INFO - Dependencies all met for dep_context=non-requeueable deps ti=<TaskInstance: gdip_ml_inference.forecast_macro_5y manual__2026-06-24T09:38:59.787583+00:00 [queued]>
[2026-06-24T09:39:03.307+0000] {taskinstance.py:2076} INFO - Dependencies all met for dep_context=requeueable deps ti=<TaskInstance: gdip_ml_inference.forecast_macro_5y manual__2026-06-24T09:38:59.787583+00:00 [queued]>
[2026-06-24T09:39:03.308+0000] {taskinstance.py:2306} INFO - Starting attempt 1 of 2
[2026-06-24T09:39:03.341+0000] {taskinstance.py:2330} INFO - Executing <Task(PythonOperator): forecast_macro_5y> on 2026-06-24 09:38:59.787583+00:00
[2026-06-24T09:39:03.359+0000] {standard_task_runner.py:63} INFO - Started process 21961 to run task
[2026-06-24T09:39:03.366+0000] {standard_task_runner.py:90} INFO - Running: ['***', 'tasks', 'run', 'gdip_ml_inference', 'forecast_macro_5y', 'manual__2026-06-24T09:38:59.787583+00:00', '--job-id', '10', '--raw', '--subdir', 'DAGS_FOLDER/ml_inference_dag.py', '--cfg-path', '/tmp/tmpoxi5t_w3']
[2026-06-24T09:39:03.371+0000] {standard_task_runner.py:91} INFO - Job 10: Subtask forecast_macro_5y
[2026-06-24T09:39:03.484+0000] {task_command.py:426} INFO - Running <TaskInstance: gdip_ml_inference.forecast_macro_5y manual__2026-06-24T09:38:59.787583+00:00 [running]> on host 6a3f3f1c9127
[2026-06-24T09:39:03.639+0000] {taskinstance.py:2648} INFO - Exporting env vars: AIRFLOW_CTX_DAG_OWNER='gdip_admin' AIRFLOW_CTX_DAG_ID='gdip_ml_inference' AIRFLOW_CTX_TASK_ID='forecast_macro_5y' AIRFLOW_CTX_EXECUTION_DATE='2026-06-24T09:38:59.787583+00:00' AIRFLOW_CTX_TRY_NUMBER='1' AIRFLOW_CTX_DAG_RUN_ID='manual__2026-06-24T09:38:59.787583+00:00'
[2026-06-24T09:39:03.641+0000] {taskinstance.py:430} INFO - ::endgroup::
[2026-06-24T09:39:03.664+0000] {logging_mixin.py:188} INFO - === BẮT ĐẦU DỰ BÁO CHUỖI THỜI GIAN VĨ MÔ (5 NĂM TỚI) ===
[2026-06-24T09:39:03.740+0000] {logging_mixin.py:188} INFO - -> Dữ liệu lịch sử kết thúc tại năm 2025. Tiến hành dự báo 5 năm tiếp theo: [2026, 2027, 2028, 2029, 2030]
[2026-06-24T09:39:03.748+0000] {logging_mixin.py:188} INFO - -> Tìm thấy 215 quốc gia thực tế cần chạy mô hình dự báo.
[2026-06-24T09:39:20.725+0000] {logging_mixin.py:188} INFO - -> Chạy Holt-Winters hoàn tất. Thành công: 645 models | Lỗi/Dùng fallback: 0 models
[2026-06-24T09:39:20.765+0000] {logging_mixin.py:188} INFO - ✅ Đã lưu kết quả dự báo vĩ mô 5 năm toàn cầu tại: /opt/***/dags/data/gold/global_forecast_2025_2029.csv
[2026-06-24T09:39:20.766+0000] {logging_mixin.py:188} INFO - === HOÀN THÀNH FORECAST LAYER (Shape: (3225, 5)) ===
[2026-06-24T09:39:20.768+0000] {python.py:237} INFO - Done. Returned value was: None
[2026-06-24T09:39:20.769+0000] {taskinstance.py:441} INFO - ::group::Post task execution logs
[2026-06-24T09:39:20.786+0000] {taskinstance.py:1206} INFO - Marking task as SUCCESS. dag_id=gdip_ml_inference, task_id=forecast_macro_5y, run_id=manual__2026-06-24T09:38:59.787583+00:00, execution_date=20260624T093859, start_date=20260624T093903, end_date=20260624T093920
[2026-06-24T09:39:20.839+0000] {local_task_job_runner.py:240} INFO - Task exited with return code 0
[2026-06-24T09:39:20.867+0000] {taskinstance.py:3498} INFO - 0 downstream tasks scheduled from follow-on schedule check
[2026-06-24T09:39:20.870+0000] {local_task_job_runner.py:222} INFO - ::endgroup::
