[2026-06-24T09:47:52.051+0000] {local_task_job_runner.py:120} INFO - ::group::Pre task execution logs
[2026-06-24T09:47:52.105+0000] {taskinstance.py:2076} INFO - Dependencies all met for dep_context=non-requeueable deps ti=<TaskInstance: gdip_ml_inference.predict_risk_next_year manual__2026-06-24T09:42:41.613803+00:00 [queued]>
[2026-06-24T09:47:52.120+0000] {taskinstance.py:2076} INFO - Dependencies all met for dep_context=requeueable deps ti=<TaskInstance: gdip_ml_inference.predict_risk_next_year manual__2026-06-24T09:42:41.613803+00:00 [queued]>
[2026-06-24T09:47:52.121+0000] {taskinstance.py:2306} INFO - Starting attempt 2 of 2
[2026-06-24T09:47:52.143+0000] {taskinstance.py:2330} INFO - Executing <Task(PythonOperator): predict_risk_next_year> on 2026-06-24 09:42:41.613803+00:00
[2026-06-24T09:47:52.162+0000] {standard_task_runner.py:63} INFO - Started process 23724 to run task
[2026-06-24T09:47:52.167+0000] {standard_task_runner.py:90} INFO - Running: ['***', 'tasks', 'run', 'gdip_ml_inference', 'predict_risk_next_year', 'manual__2026-06-24T09:42:41.613803+00:00', '--job-id', '18', '--raw', '--subdir', 'DAGS_FOLDER/ml_inference_dag.py', '--cfg-path', '/tmp/tmpyg7kvrhm']
[2026-06-24T09:47:52.172+0000] {standard_task_runner.py:91} INFO - Job 18: Subtask predict_risk_next_year
[2026-06-24T09:47:52.279+0000] {task_command.py:426} INFO - Running <TaskInstance: gdip_ml_inference.predict_risk_next_year manual__2026-06-24T09:42:41.613803+00:00 [running]> on host 6a3f3f1c9127
[2026-06-24T09:47:52.430+0000] {taskinstance.py:2648} INFO - Exporting env vars: AIRFLOW_CTX_DAG_OWNER='gdip_admin' AIRFLOW_CTX_DAG_ID='gdip_ml_inference' AIRFLOW_CTX_TASK_ID='predict_risk_next_year' AIRFLOW_CTX_EXECUTION_DATE='2026-06-24T09:42:41.613803+00:00' AIRFLOW_CTX_TRY_NUMBER='2' AIRFLOW_CTX_DAG_RUN_ID='manual__2026-06-24T09:42:41.613803+00:00'
[2026-06-24T09:47:52.432+0000] {taskinstance.py:430} INFO - ::endgroup::
[2026-06-24T09:47:52.454+0000] {logging_mixin.py:188} INFO - === BẮT ĐẦU DỰ BÁO RỦI RO KINH TẾ VĨ MÔ (T+1) ===
[2026-06-24T09:47:53.854+0000] {taskinstance.py:441} INFO - ::group::Post task execution logs
[2026-06-24T09:47:53.855+0000] {taskinstance.py:2905} ERROR - Task failed with exception
Traceback (most recent call last):
  File "/home/airflow/.local/lib/python3.12/site-packages/airflow/models/taskinstance.py", line 465, in _execute_task
    result = _execute_callable(context=context, **execute_callable_kwargs)
             ^^^^^^^^^^^^^^^^^^^^^^^^^^^^^^^^^^^^^^^^^^^^^^^^^^^^^^^^^^^^^
  File "/home/airflow/.local/lib/python3.12/site-packages/airflow/models/taskinstance.py", line 432, in _execute_callable
    return execute_callable(context=context, **execute_callable_kwargs)
           ^^^^^^^^^^^^^^^^^^^^^^^^^^^^^^^^^^^^^^^^^^^^^^^^^^^^^^^^^^^^
  File "/home/airflow/.local/lib/python3.12/site-packages/airflow/models/baseoperator.py", line 400, in wrapper
    return func(self, *args, **kwargs)
           ^^^^^^^^^^^^^^^^^^^^^^^^^^^
  File "/home/airflow/.local/lib/python3.12/site-packages/airflow/operators/python.py", line 235, in execute
    return_value = self.execute_callable()
                   ^^^^^^^^^^^^^^^^^^^^^^^
  File "/home/airflow/.local/lib/python3.12/site-packages/airflow/operators/python.py", line 252, in execute_callable
    return self.python_callable(*self.op_args, **self.op_kwargs)
           ^^^^^^^^^^^^^^^^^^^^^^^^^^^^^^^^^^^^^^^^^^^^^^^^^^^^^
  File "/opt/airflow/dags/ai/predict_risk.py", line 47, in predict_macro_risk
    model_artifacts = pickle.load(f)
                      ^^^^^^^^^^^^^^
  File "/home/airflow/.local/lib/python3.12/site-packages/lightgbm/__init__.py", line 8, in <module>
    from .basic import Booster, Dataset, Sequence, register_logger
  File "/home/airflow/.local/lib/python3.12/site-packages/lightgbm/basic.py", line 247, in <module>
    _LIB = _load_lib()
           ^^^^^^^^^^^
  File "/home/airflow/.local/lib/python3.12/site-packages/lightgbm/basic.py", line 232, in _load_lib
    lib = ctypes.cdll.LoadLibrary(lib_path[0])
          ^^^^^^^^^^^^^^^^^^^^^^^^^^^^^^^^^^^^
  File "/usr/local/lib/python3.12/ctypes/__init__.py", line 460, in LoadLibrary
    return self._dlltype(name)
           ^^^^^^^^^^^^^^^^^^^
  File "/usr/local/lib/python3.12/ctypes/__init__.py", line 379, in __init__
    self._handle = _dlopen(self._name, mode)
                   ^^^^^^^^^^^^^^^^^^^^^^^^^
OSError: libgomp.so.1: cannot open shared object file: No such file or directory
[2026-06-24T09:47:53.881+0000] {taskinstance.py:1206} INFO - Marking task as FAILED. dag_id=gdip_ml_inference, task_id=predict_risk_next_year, run_id=manual__2026-06-24T09:42:41.613803+00:00, execution_date=20260624T094241, start_date=20260624T094752, end_date=20260624T094753
[2026-06-24T09:47:53.901+0000] {standard_task_runner.py:110} ERROR - Failed to execute job 18 for task predict_risk_next_year (libgomp.so.1: cannot open shared object file: No such file or directory; 23724)
[2026-06-24T09:47:53.989+0000] {local_task_job_runner.py:240} INFO - Task exited with return code 1
[2026-06-24T09:47:54.021+0000] {taskinstance.py:3498} INFO - 0 downstream tasks scheduled from follow-on schedule check
[2026-06-24T09:47:54.024+0000] {local_task_job_runner.py:222} INFO - ::endgroup::
