[2026-06-24T10:01:28.693+0000] {local_task_job_runner.py:120} INFO - ::group::Pre task execution logs
[2026-06-24T10:01:28.785+0000] {taskinstance.py:2076} INFO - Dependencies all met for dep_context=non-requeueable deps ti=<TaskInstance: gdip_data_pipeline.feature_engineering_gold_layer manual__2026-06-24T10:00:16.738459+00:00 [queued]>
[2026-06-24T10:01:28.804+0000] {taskinstance.py:2076} INFO - Dependencies all met for dep_context=requeueable deps ti=<TaskInstance: gdip_data_pipeline.feature_engineering_gold_layer manual__2026-06-24T10:00:16.738459+00:00 [queued]>
[2026-06-24T10:01:28.806+0000] {taskinstance.py:2306} INFO - Starting attempt 1 of 2
[2026-06-24T10:01:28.837+0000] {taskinstance.py:2330} INFO - Executing <Task(PythonOperator): feature_engineering_gold_layer> on 2026-06-24 10:00:16.738459+00:00
[2026-06-24T10:01:28.868+0000] {standard_task_runner.py:90} INFO - Running: ['***', 'tasks', 'run', 'gdip_data_pipeline', 'feature_engineering_gold_layer', 'manual__2026-06-24T10:00:16.738459+00:00', '--job-id', '32', '--raw', '--subdir', 'DAGS_FOLDER/data_pipeline_dag.py', '--cfg-path', '/tmp/tmpd0n97eqm']
[2026-06-24T10:01:28.874+0000] {standard_task_runner.py:91} INFO - Job 32: Subtask feature_engineering_gold_layer
[2026-06-24T10:01:28.877+0000] {logging_mixin.py:188} WARNING - /home/***/.local/lib/python3.12/site-packages/***/task/task_runner/standard_task_runner.py:61 DeprecationWarning: This process (pid=1826) is multi-threaded, use of fork() may lead to deadlocks in the child.
[2026-06-24T10:01:28.880+0000] {standard_task_runner.py:63} INFO - Started process 1846 to run task
[2026-06-24T10:01:28.996+0000] {task_command.py:426} INFO - Running <TaskInstance: gdip_data_pipeline.feature_engineering_gold_layer manual__2026-06-24T10:00:16.738459+00:00 [running]> on host fcd616dc1457
[2026-06-24T10:01:29.307+0000] {taskinstance.py:2648} INFO - Exporting env vars: AIRFLOW_CTX_DAG_OWNER='gdip_admin' AIRFLOW_CTX_DAG_ID='gdip_data_pipeline' AIRFLOW_CTX_TASK_ID='feature_engineering_gold_layer' AIRFLOW_CTX_EXECUTION_DATE='2026-06-24T10:00:16.738459+00:00' AIRFLOW_CTX_TRY_NUMBER='1' AIRFLOW_CTX_DAG_RUN_ID='manual__2026-06-24T10:00:16.738459+00:00'
[2026-06-24T10:01:29.309+0000] {taskinstance.py:430} INFO - ::endgroup::
[2026-06-24T10:01:29.339+0000] {logging_mixin.py:188} INFO - === BẮT ĐẦU TẠO FEATURES (GOLD LAYER) ===
[2026-06-24T10:01:29.471+0000] {logging_mixin.py:188} INFO - -> Các cột gốc để tạo lag: ['current_account', 'external_debt', 'fdi_inflow', 'gdp_growth', 'inflation', 'real_interest_rate', 'trade_balance', 'unemployment']
[2026-06-24T10:01:29.472+0000] {logging_mixin.py:188} INFO - -> Đang tạo Lag & Momentum Features...
[2026-06-24T10:01:29.517+0000] {logging_mixin.py:188} INFO - -> Đang tạo Volatility & Trend Features...
[2026-06-24T10:01:30.899+0000] {logging_mixin.py:188} INFO - -> Đang tạo Composite Indices...
[2026-06-24T10:01:30.903+0000] {logging_mixin.py:188} INFO - -> Đang tạo Cross-country Z-Scores theo năm...
[2026-06-24T10:01:31.021+0000] {logging_mixin.py:188} INFO - -> Đang tạo Clipped Features cho Lạm phát và FDI...
[2026-06-24T10:01:31.087+0000] {logging_mixin.py:188} INFO - -> Đã loại bỏ các dòng bị NaN ở đầu chuỗi thời gian. Số dòng giảm: 430 dòng.
[2026-06-24T10:01:33.345+0000] {logging_mixin.py:188} INFO - Đã lưu Gold Feature Store thành công tại: /opt/***/dags/data/gold/feature_store.csv
[2026-06-24T10:01:33.347+0000] {logging_mixin.py:188} INFO - === HOÀN THÀNH GOLD LAYER (Shape: (11558, 49)) ===
[2026-06-24T10:01:33.359+0000] {python.py:237} INFO - Done. Returned value was: None
[2026-06-24T10:01:33.361+0000] {taskinstance.py:441} INFO - ::group::Post task execution logs
[2026-06-24T10:01:33.382+0000] {taskinstance.py:1206} INFO - Marking task as SUCCESS. dag_id=gdip_data_pipeline, task_id=feature_engineering_gold_layer, run_id=manual__2026-06-24T10:00:16.738459+00:00, execution_date=20260624T100016, start_date=20260624T100128, end_date=20260624T100133
[2026-06-24T10:01:33.492+0000] {local_task_job_runner.py:240} INFO - Task exited with return code 0
[2026-06-24T10:01:33.540+0000] {taskinstance.py:3498} INFO - 1 downstream tasks scheduled from follow-on schedule check
[2026-06-24T10:01:33.545+0000] {local_task_job_runner.py:222} INFO - ::endgroup::
